This file contains any messages produced by compilers while
running configure, to aid debugging if configure makes a mistake.

It was created by HMMER configure 2.3.2, which was
generated by GNU Autoconf 2.57.  Invocation command line was

  $ ./configure --enable-threads

## --------- ##
## Platform. ##
## --------- ##

hostname = aster
uname -m = x86_64
uname -r = 4.1.6-100.fc21.x86_64
uname -s = Linux
uname -v = #1 SMP Mon Aug 17 22:20:37 UTC 2015

/usr/bin/uname -p = x86_64
/bin/uname -X     = unknown

/bin/arch              = x86_64
/usr/bin/arch -k       = unknown
/usr/convex/getsysinfo = unknown
hostinfo               = unknown
/bin/machine           = unknown
/usr/bin/oslevel       = unknown
/bin/universe          = unknown

PATH: /home/statonse/.rakudobrew/bin
PATH: /home/statonse/perl5/perlbrew/bin
PATH: /home/statonse/perl5/perlbrew/perls/perl-5.20.2/bin
PATH: /home/statonse/.rakudobrew/bin
PATH: /usr/local/ncbi/sra-tools/bin
PATH: /usr/lib64/qt-3.3/bin
PATH: /usr/local/bin
PATH: /usr/local/sbin
PATH: /usr/bin
PATH: /usr/sbin
PATH: /bin
PATH: /sbin
PATH: /home/statonse/.local/bin
PATH: /home/statonse/bin


## ----------- ##
## Core tests. ##
## ----------- ##

configure:1243: configuring HMMER for your system.
configure:1290: This is a full source distribution - using full config
configure:1343: checking for gcc
configure:1359: found /usr/bin/gcc
configure:1369: result: gcc
configure:1613: checking for C compiler version
configure:1616: gcc --version </dev/null >&5
gcc (GCC) 4.9.2 20150212 (Red Hat 4.9.2-6)
Copyright (C) 2014 Free Software Foundation, Inc.
This is free software; see the source for copying conditions.  There is NO
warranty; not even for MERCHANTABILITY or FITNESS FOR A PARTICULAR PURPOSE.

configure:1619: $? = 0
configure:1621: gcc -v </dev/null >&5
Using built-in specs.
COLLECT_GCC=gcc
COLLECT_LTO_WRAPPER=/usr/libexec/gcc/x86_64-redhat-linux/4.9.2/lto-wrapper
Target: x86_64-redhat-linux
Configured with: ../configure --prefix=/usr --mandir=/usr/share/man --infodir=/usr/share/info --with-bugurl=http://bugzilla.redhat.com/bugzilla --enable-bootstrap --enable-shared --enable-threads=posix --enable-checking=release --enable-multilib --with-system-zlib --enable-__cxa_atexit --disable-libunwind-exceptions --enable-gnu-unique-object --enable-linker-build-id --with-linker-hash-style=gnu --enable-languages=c,c++,objc,obj-c++,fortran,ada,go,lto --enable-plugin --enable-initfini-array --disable-libgcj --with-isl=/builddir/build/BUILD/gcc-4.9.2-20150212/obj-x86_64-redhat-linux/isl-install --with-cloog=/builddir/build/BUILD/gcc-4.9.2-20150212/obj-x86_64-redhat-linux/cloog-install --enable-gnu-indirect-function --with-tune=generic --with-arch_32=i686 --build=x86_64-redhat-linux
Thread model: posix
gcc version 4.9.2 20150212 (Red Hat 4.9.2-6) (GCC) 
configure:1624: $? = 0
configure:1626: gcc -V </dev/null >&5
gcc: error: unrecognized command line option '-V'
gcc: fatal error: no input files
compilation terminated.
configure:1629: $? = 4
configure:1653: checking for C compiler default output
configure:1656: gcc    conftest.c  >&5
configure:1659: $? = 0
configure:1705: result: a.out
configure:1710: checking whether the C compiler works
configure:1716: ./a.out
configure:1719: $? = 0
configure:1736: result: yes
configure:1743: checking whether we are cross compiling
configure:1745: result: no
configure:1748: checking for suffix of executables
configure:1750: gcc -o conftest    conftest.c  >&5
configure:1753: $? = 0
configure:1778: result: 
configure:1784: checking for suffix of object files
configure:1806: gcc -c   conftest.c >&5
configure:1809: $? = 0
configure:1831: result: o
configure:1835: checking whether we are using the GNU C compiler
configure:1860: gcc -c   conftest.c >&5
configure:1863: $? = 0
configure:1866: test -s conftest.o
configure:1869: $? = 0
configure:1882: result: yes
configure:1888: checking whether gcc accepts -g
configure:1910: gcc -c -g  conftest.c >&5
configure:1913: $? = 0
configure:1916: test -s conftest.o
configure:1919: $? = 0
configure:1930: result: yes
configure:1947: checking for gcc option to accept ANSI C
configure:2008: gcc  -c -g -O2  conftest.c >&5
configure:2011: $? = 0
configure:2014: test -s conftest.o
configure:2017: $? = 0
configure:2035: result: none needed
configure:2053: gcc -c -g -O2  conftest.c >&5
conftest.c:2:3: error: unknown type name 'choke'
   choke me
   ^
conftest.c:2:3: error: expected '=', ',', ';', 'asm' or '__attribute__' at end of input
configure:2056: $? = 1
configure: failed program was:
| #ifndef __cplusplus
|   choke me
| #endif
configure:2206: checking for ranlib
configure:2222: found /usr/bin/ranlib
configure:2233: result: ranlib
configure:2247: checking for ar
configure:2266: found /usr/bin/ar
configure:2279: result: /usr/bin/ar
configure:2331: checking build system type
configure:2349: result: x86_64-unknown-linux-gnu
configure:2357: checking host system type
configure:2371: result: x86_64-unknown-linux-gnu
configure:2402: checking whether your make is GNU make
configure:2410: result: yes, it is.
configure:2681: enabled POSIX multithreading support
configure:2687: checking for pthread_setconcurrency
configure:2737: gcc -o conftest -g -O2   conftest.c  >&5
/tmp/ccWWed2V.o:(.data+0x0): undefined reference to `pthread_setconcurrency'
/tmp/ccWWed2V.o: In function `main':
/home/statonse/Desktop/hannuus_annotation/non-ltr/MGEScan_nonLTR_v2/hmmer-2.3.2/configure:2735: undefined reference to `pthread_setconcurrency'
collect2: error: ld returned 1 exit status
configure:2740: $? = 1
configure: failed program was:
| #line 2692 "configure"
| /* confdefs.h.  */
| 
| #define PACKAGE_NAME "HMMER"
| #define PACKAGE_TARNAME "hmmer"
| #define PACKAGE_VERSION "2.3.2"
| #define PACKAGE_STRING "HMMER 2.3.2"
| #define PACKAGE_BUGREPORT "eddy@genetics.wustl.edu"
| #define PACKAGE_DATE "Oct 2003"
| #define PACKAGE_COPYRIGHT "Copyright (C) 1992-2003 HHMI/Washington University School of Medicine"
| #define PACKAGE_LICENSE "Freely distributed under the GNU General Public License (GPL)"
| /* end confdefs.h.  */
| /* System header to define __stub macros and hopefully few prototypes,
|     which can conflict with char pthread_setconcurrency (); below.
|     Prefer <limits.h> to <assert.h> if __STDC__ is defined, since
|     <limits.h> exists even on freestanding compilers.  */
| #ifdef __STDC__
| # include <limits.h>
| #else
| # include <assert.h>
| #endif
| /* Override any gcc2 internal prototype to avoid an error.  */
| #ifdef __cplusplus
| extern "C"
| {
| #endif
| /* We use char because int might match the return type of a gcc2
|    builtin and then its argument prototype would still apply.  */
| char pthread_setconcurrency ();
| /* The GNU C library defines this for functions which it implements
|     to always fail with ENOSYS.  Some functions are actually named
|     something starting with __ and the normal name is an alias.  */
| #if defined (__stub_pthread_setconcurrency) || defined (__stub___pthread_setconcurrency)
| choke me
| #else
| char (*f) () = pthread_setconcurrency;
| #endif
| #ifdef __cplusplus
| }
| #endif
| 
| int
| main ()
| {
| return f != pthread_setconcurrency;
|   ;
|   return 0;
| }
configure:2757: result: no
configure:2771: checking for pthread_attr_setscope
configure:2821: gcc -o conftest -g -O2   conftest.c  >&5
configure:2824: $? = 0
configure:2827: test -s conftest
configure:2830: $? = 0
configure:2841: result: yes
configure:2989: checking for the pthreads library -lpthreads
configure:3028: gcc -o conftest -g -O2    conftest.c -lpthreads  >&5
/usr/bin/ld: cannot find -lpthreads
collect2: error: ld returned 1 exit status
configure:3031: $? = 1
configure: failed program was:
| #line 3009 "configure"
| /* confdefs.h.  */
| 
| #define PACKAGE_NAME "HMMER"
| #define PACKAGE_TARNAME "hmmer"
| #define PACKAGE_VERSION "2.3.2"
| #define PACKAGE_STRING "HMMER 2.3.2"
| #define PACKAGE_BUGREPORT "eddy@genetics.wustl.edu"
| #define PACKAGE_DATE "Oct 2003"
| #define PACKAGE_COPYRIGHT "Copyright (C) 1992-2003 HHMI/Washington University School of Medicine"
| #define PACKAGE_LICENSE "Freely distributed under the GNU General Public License (GPL)"
| #define HAVE_PTHREAD_ATTR_SETSCOPE 1
| /* end confdefs.h.  */
| #include <pthread.h>
| int
| main ()
| {
| pthread_t th; pthread_join(th, 0);
|                      pthread_attr_init(0); pthread_cleanup_push(0, 0);
|                      pthread_create(0,0,0,0); pthread_cleanup_pop(0);
|   ;
|   return 0;
| }
configure:3050: result: no
configure:2978: checking whether pthreads work without any flags
configure:3028: gcc -o conftest -g -O2    conftest.c   >&5
/tmp/ccRmeKC1.o: In function `main':
/home/statonse/Desktop/hannuus_annotation/non-ltr/MGEScan_nonLTR_v2/hmmer-2.3.2/configure:3025: undefined reference to `pthread_join'
/home/statonse/Desktop/hannuus_annotation/non-ltr/MGEScan_nonLTR_v2/hmmer-2.3.2/configure:3026: undefined reference to `__pthread_register_cancel'
/home/statonse/Desktop/hannuus_annotation/non-ltr/MGEScan_nonLTR_v2/hmmer-2.3.2/configure:3027: undefined reference to `pthread_create'
/home/statonse/Desktop/hannuus_annotation/non-ltr/MGEScan_nonLTR_v2/hmmer-2.3.2/configure:3027: undefined reference to `__pthread_unregister_cancel'
collect2: error: ld returned 1 exit status
configure:3031: $? = 1
configure: failed program was:
| #line 3009 "configure"
| /* confdefs.h.  */
| 
| #define PACKAGE_NAME "HMMER"
| #define PACKAGE_TARNAME "hmmer"
| #define PACKAGE_VERSION "2.3.2"
| #define PACKAGE_STRING "HMMER 2.3.2"
| #define PACKAGE_BUGREPORT "eddy@genetics.wustl.edu"
| #define PACKAGE_DATE "Oct 2003"
| #define PACKAGE_COPYRIGHT "Copyright (C) 1992-2003 HHMI/Washington University School of Medicine"
| #define PACKAGE_LICENSE "Freely distributed under the GNU General Public License (GPL)"
| #define HAVE_PTHREAD_ATTR_SETSCOPE 1
| /* end confdefs.h.  */
| #include <pthread.h>
| int
| main ()
| {
| pthread_t th; pthread_join(th, 0);
|                      pthread_attr_init(0); pthread_cleanup_push(0, 0);
|                      pthread_create(0,0,0,0); pthread_cleanup_pop(0);
|   ;
|   return 0;
| }
configure:3050: result: no
configure:2983: checking whether pthreads work with -Kthread
configure:3028: gcc -o conftest -g -O2 -Kthread   conftest.c   >&5
gcc: error: unrecognized command line option '-Kthread'
configure:3031: $? = 1
configure: failed program was:
| #line 3009 "configure"
| /* confdefs.h.  */
| 
| #define PACKAGE_NAME "HMMER"
| #define PACKAGE_TARNAME "hmmer"
| #define PACKAGE_VERSION "2.3.2"
| #define PACKAGE_STRING "HMMER 2.3.2"
| #define PACKAGE_BUGREPORT "eddy@genetics.wustl.edu"
| #define PACKAGE_DATE "Oct 2003"
| #define PACKAGE_COPYRIGHT "Copyright (C) 1992-2003 HHMI/Washington University School of Medicine"
| #define PACKAGE_LICENSE "Freely distributed under the GNU General Public License (GPL)"
| #define HAVE_PTHREAD_ATTR_SETSCOPE 1
| /* end confdefs.h.  */
| #include <pthread.h>
| int
| main ()
| {
| pthread_t th; pthread_join(th, 0);
|                      pthread_attr_init(0); pthread_cleanup_push(0, 0);
|                      pthread_create(0,0,0,0); pthread_cleanup_pop(0);
|   ;
|   return 0;
| }
configure:3050: result: no
configure:2983: checking whether pthreads work with -kthread
configure:3028: gcc -o conftest -g -O2 -kthread   conftest.c   >&5
gcc: error: unrecognized command line option '-kthread'
configure:3031: $? = 1
configure: failed program was:
| #line 3009 "configure"
| /* confdefs.h.  */
| 
| #define PACKAGE_NAME "HMMER"
| #define PACKAGE_TARNAME "hmmer"
| #define PACKAGE_VERSION "2.3.2"
| #define PACKAGE_STRING "HMMER 2.3.2"
| #define PACKAGE_BUGREPORT "eddy@genetics.wustl.edu"
| #define PACKAGE_DATE "Oct 2003"
| #define PACKAGE_COPYRIGHT "Copyright (C) 1992-2003 HHMI/Washington University School of Medicine"
| #define PACKAGE_LICENSE "Freely distributed under the GNU General Public License (GPL)"
| #define HAVE_PTHREAD_ATTR_SETSCOPE 1
| /* end confdefs.h.  */
| #include <pthread.h>
| int
| main ()
| {
| pthread_t th; pthread_join(th, 0);
|                      pthread_attr_init(0); pthread_cleanup_push(0, 0);
|                      pthread_create(0,0,0,0); pthread_cleanup_pop(0);
|   ;
|   return 0;
| }
configure:3050: result: no
configure:2989: checking for the pthreads library -llthread
configure:3028: gcc -o conftest -g -O2    conftest.c -llthread  >&5
/usr/bin/ld: cannot find -llthread
collect2: error: ld returned 1 exit status
configure:3031: $? = 1
configure: failed program was:
| #line 3009 "configure"
| /* confdefs.h.  */
| 
| #define PACKAGE_NAME "HMMER"
| #define PACKAGE_TARNAME "hmmer"
| #define PACKAGE_VERSION "2.3.2"
| #define PACKAGE_STRING "HMMER 2.3.2"
| #define PACKAGE_BUGREPORT "eddy@genetics.wustl.edu"
| #define PACKAGE_DATE "Oct 2003"
| #define PACKAGE_COPYRIGHT "Copyright (C) 1992-2003 HHMI/Washington University School of Medicine"
| #define PACKAGE_LICENSE "Freely distributed under the GNU General Public License (GPL)"
| #define HAVE_PTHREAD_ATTR_SETSCOPE 1
| /* end confdefs.h.  */
| #include <pthread.h>
| int
| main ()
| {
| pthread_t th; pthread_join(th, 0);
|                      pthread_attr_init(0); pthread_cleanup_push(0, 0);
|                      pthread_create(0,0,0,0); pthread_cleanup_pop(0);
|   ;
|   return 0;
| }
configure:3050: result: no
configure:2983: checking whether pthreads work with -pthread
configure:3028: gcc -o conftest -g -O2 -pthread   conftest.c   >&5
configure:3031: $? = 0
configure:3034: test -s conftest
configure:3037: $? = 0
configure:3050: result: yes
configure:3070: checking for joinable pthread attribute
configure:3089: gcc -o conftest -g -O2 -pthread   conftest.c   >&5
configure:3092: $? = 0
configure:3095: test -s conftest
configure:3098: $? = 0
configure:3153: result: PTHREAD_CREATE_JOINABLE
configure:3160: checking if more special flags are required for pthreads
configure:3167: result: no
configure:3179: checking for cc_r
configure:3206: result: gcc
configure:3271: checking for ntohs
configure:3321: gcc -o conftest -g -O2   conftest.c  >&5
configure:3324: $? = 0
configure:3327: test -s conftest
configure:3330: $? = 0
configure:3341: result: yes
configure:3420: checking for ntohl
configure:3470: gcc -o conftest -g -O2   conftest.c  >&5
configure:3473: $? = 0
configure:3476: test -s conftest
configure:3479: $? = 0
configure:3490: result: yes
configure:3569: checking for htons
configure:3619: gcc -o conftest -g -O2   conftest.c  >&5
configure:3622: $? = 0
configure:3625: test -s conftest
configure:3628: $? = 0
configure:3639: result: yes
configure:3718: checking for htonl
configure:3768: gcc -o conftest -g -O2   conftest.c  >&5
configure:3771: $? = 0
configure:3774: test -s conftest
configure:3777: $? = 0
configure:3788: result: yes
configure:3987: creating ./config.status

## ---------------------- ##
## Running config.status. ##
## ---------------------- ##

This file was extended by HMMER config.status 2.3.2, which was
generated by GNU Autoconf 2.57.  Invocation command line was

  CONFIG_FILES    = 
  CONFIG_HEADERS  = 
  CONFIG_LINKS    = 
  CONFIG_COMMANDS = 
  $ ./config.status 

on aster

config.status:632: creating src/Makefile
config.status:632: creating testsuite/Makefile
config.status:632: creating Makefile
config.status:735: creating src/config.h
configure:5035: configuring in squid
configure:5119: running /bin/sh './configure' --prefix=/usr/local  '--enable-threads' --cache-file=/dev/null --srcdir=.

## ---------------- ##
## Cache variables. ##
## ---------------- ##

ac_cv_build=x86_64-unknown-linux-gnu
ac_cv_build_alias=x86_64-unknown-linux-gnu
ac_cv_c_compiler_gnu=yes
ac_cv_env_CC_set=
ac_cv_env_CC_value=
ac_cv_env_CFLAGS_set=
ac_cv_env_CFLAGS_value=
ac_cv_env_CPPFLAGS_set=
ac_cv_env_CPPFLAGS_value=
ac_cv_env_LDFLAGS_set=
ac_cv_env_LDFLAGS_value=
ac_cv_env_build_alias_set=
ac_cv_env_build_alias_value=
ac_cv_env_host_alias_set=
ac_cv_env_host_alias_value=
ac_cv_env_target_alias_set=
ac_cv_env_target_alias_value=
ac_cv_exeext=
ac_cv_func_htonl=yes
ac_cv_func_htons=yes
ac_cv_func_ntohl=yes
ac_cv_func_ntohs=yes
ac_cv_func_pthread_attr_setscope=yes
ac_cv_func_pthread_setconcurrency=no
ac_cv_host=x86_64-unknown-linux-gnu
ac_cv_host_alias=x86_64-unknown-linux-gnu
ac_cv_objext=o
ac_cv_path_AR=/usr/bin/ar
ac_cv_prog_PTHREAD_CC=gcc
ac_cv_prog_ac_ct_CC=gcc
ac_cv_prog_ac_ct_RANLIB=ranlib
ac_cv_prog_cc_g=yes
ac_cv_prog_cc_stdc=

## ----------------- ##
## Output variables. ##
## ----------------- ##

AR='/usr/bin/ar'
CC='gcc'
CFLAGS='-g -O2'
CPPFLAGS=''
DEFS='-DHAVE_CONFIG_H'
ECHO_C=''
ECHO_N='-n'
ECHO_T=''
EXEC_DEPENDENCY='%: %.o'
EXEEXT=''
LDFLAGS=''
LIBOBJS=''
LIBS=''
LTLIBOBJS=''
OBJEXT='o'
PACKAGE_BUGREPORT='eddy@genetics.wustl.edu'
PACKAGE_COPYRIGHT='Copyright (C) 1992-2003 HHMI/Washington University School of Medicine'
PACKAGE_DATE='Oct 2003'
PACKAGE_LICENSE='Freely distributed under the GNU General Public License (GPL)'
PACKAGE_LICENSETAG='gnu'
PACKAGE_NAME='HMMER'
PACKAGE_RELCODE='hmmer2_3_2'
PACKAGE_STRING='HMMER 2.3.2'
PACKAGE_TARNAME='hmmer'
PACKAGE_VERSION='2.3.2'
PATH_SEPARATOR=':'
PTHREAD_CC='gcc'
PTHREAD_CFLAGS='-pthread'
PTHREAD_LIBS=''
PVMINCDIR=''
PVMLIBDIR=''
PVMLIBS=''
PVMPROGS=''
RANLIB='ranlib'
SHELL='/bin/sh'
ac_ct_CC='gcc'
ac_ct_RANLIB='ranlib'
bindir='${exec_prefix}/bin'
build='x86_64-unknown-linux-gnu'
build_alias=''
build_cpu='x86_64'
build_os='linux-gnu'
build_vendor='unknown'
datadir='${prefix}/share'
exec_prefix='${prefix}'
host='x86_64-unknown-linux-gnu'
host_alias=''
host_cpu='x86_64'
host_os='linux-gnu'
host_vendor='unknown'
includedir='${prefix}/include'
infodir='${prefix}/info'
libdir='${exec_prefix}/lib'
libexecdir='${exec_prefix}/libexec'
localstatedir='${prefix}/var'
mandir='${prefix}/man'
oldincludedir='/usr/include'
prefix='/usr/local'
program_transform_name='s,x,x,'
sbindir='${exec_prefix}/sbin'
sharedstatedir='${prefix}/com'
subdirs=' squid'
sysconfdir='${prefix}/etc'
target_alias=''

## ----------- ##
## confdefs.h. ##
## ----------- ##

#define HAVE_HTONL 1
#define HAVE_HTONS 1
#define HAVE_NTOHL 1
#define HAVE_NTOHS 1
#define HAVE_PTHREAD_ATTR_SETSCOPE 1
#define HMMER_THREADS 1
#define PACKAGE_BUGREPORT "eddy@genetics.wustl.edu"
#define PACKAGE_COPYRIGHT "Copyright (C) 1992-2003 HHMI/Washington University School of Medicine"
#define PACKAGE_DATE "Oct 2003"
#define PACKAGE_LICENSE "Freely distributed under the GNU General Public License (GPL)"
#define PACKAGE_NAME "HMMER"
#define PACKAGE_STRING "HMMER 2.3.2"
#define PACKAGE_TARNAME "hmmer"
#define PACKAGE_VERSION "2.3.2"

configure: exit 0
